[INFO] 2025/05/28 14:18:49 logging.go:31: GetAnalytics: init
[INFO] 2025/05/28 14:18:49 logging.go:31: GetAnalytics: fetching model performance
[INFO] 2025/05/28 14:18:49 logging.go:31: DashboardService: ViewModelPerformance called
[INFO] 2025/05/28 14:18:49 logging.go:31: DashboardService: ViewModelPerformance success
[INFO] 2025/05/28 14:18:49 logging.go:31: GetAnalytics: fetching sales analytics
[INFO] 2025/05/28 14:18:49 logging.go:31: DashboardService: AnalyseSales called with days=30
[INFO] 2025/05/28 14:18:49 logging.go:31: DashboardService: AnalyseSales success
[INFO] 2025/05/28 14:18:49 logging.go:31: GetAnalytics: fetching inventory status
[INFO] 2025/05/28 14:18:49 logging.go:31: DashboardService: ManageInventory called
[INFO] 2025/05/28 14:18:49 logging.go:31: DashboardService: ManageInventory success
[INFO] 2025/05/28 14:18:49 logging.go:31: GetAnalytics: fetching pricing analytics
[INFO] 2025/05/28 14:18:49 logging.go:31: DashboardService: AnalyseDynamicPricing called with days=30
[INFO] 2025/05/28 14:18:49 logging.go:31: DashboardService: AnalyseDynamicPricing success
[INFO] 2025/05/28 14:18:49 logging.go:31: GetAnalytics: fetching customer behavior
[INFO] 2025/05/28 14:18:49 logging.go:31: DashboardService: AnalyseCustomerBehavior called
[INFO] 2025/05/28 14:18:49 logging.go:31: DashboardService: AnalyseCustomerBehavior success
[INFO] 2025/05/28 14:18:49 logging.go:31: GetAnalytics: fetching operational health
[INFO] 2025/05/28 14:18:49 logging.go:31: DashboardService: ViewOperationalHealth called
[INFO] 2025/05/28 14:18:49 logging.go:31: DashboardService: ViewOperationalHealth success
[INFO] 2025/05/28 14:18:49 logging.go:31: GetAnalytics: fetching top products
[INFO] 2025/05/28 14:18:49 logging.go:31: DashboardService: GetTopSellingProducts called with limit=10
[INFO] 2025/05/28 14:18:49 logging.go:31: DashboardService: GetTopSellingProducts success
[INFO] 2025/05/28 14:18:49 logging.go:31: GetAnalytics: fetching category revenue
[INFO] 2025/05/28 14:18:49 logging.go:31: DashboardService: GetRevenueByCategory called with days=30
[INFO] 2025/05/28 14:18:49 logging.go:31: DashboardService: GetRevenueByCategory success
[INFO] 2025/05/28 14:18:49 logging.go:31: GetAnalytics: success
[INFO] 2025/05/28 14:18:49 logging.go:31: GetAnalytics: init
[INFO] 2025/05/28 14:18:49 logging.go:31: GetAnalytics: fetching model performance
[INFO] 2025/05/28 14:18:49 logging.go:31: DashboardService: ViewModelPerformance called
[INFO] 2025/05/28 14:18:49 logging.go:31: DashboardService: ViewModelPerformance success
[INFO] 2025/05/28 14:18:49 logging.go:31: GetAnalytics: fetching sales analytics
[INFO] 2025/05/28 14:18:49 logging.go:31: DashboardService: AnalyseSales called with days=30
[INFO] 2025/05/28 14:18:49 logging.go:31: DashboardService: AnalyseSales success
[INFO] 2025/05/28 14:18:49 logging.go:31: GetAnalytics: fetching inventory status
[INFO] 2025/05/28 14:18:49 logging.go:31: DashboardService: ManageInventory called
[INFO] 2025/05/28 14:18:49 logging.go:31: DashboardService: ManageInventory success
[INFO] 2025/05/28 14:18:49 logging.go:31: GetAnalytics: fetching pricing analytics
[INFO] 2025/05/28 14:18:49 logging.go:31: DashboardService: AnalyseDynamicPricing called with days=30
[INFO] 2025/05/28 14:18:49 logging.go:31: DashboardService: AnalyseDynamicPricing success
[INFO] 2025/05/28 14:18:49 logging.go:31: GetAnalytics: fetching customer behavior
[INFO] 2025/05/28 14:18:49 logging.go:31: DashboardService: AnalyseCustomerBehavior called
[INFO] 2025/05/28 14:18:49 logging.go:31: DashboardService: AnalyseCustomerBehavior success
[INFO] 2025/05/28 14:18:49 logging.go:31: GetAnalytics: fetching operational health
[INFO] 2025/05/28 14:18:49 logging.go:31: DashboardService: ViewOperationalHealth called
[INFO] 2025/05/28 14:18:49 logging.go:31: DashboardService: ViewOperationalHealth success
[INFO] 2025/05/28 14:18:49 logging.go:31: GetAnalytics: fetching top products
[INFO] 2025/05/28 14:18:49 logging.go:31: DashboardService: GetTopSellingProducts called with limit=10
[INFO] 2025/05/28 14:18:49 logging.go:31: DashboardService: GetTopSellingProducts success
[INFO] 2025/05/28 14:18:49 logging.go:31: GetAnalytics: fetching category revenue
[INFO] 2025/05/28 14:18:49 logging.go:31: DashboardService: GetRevenueByCategory called with days=30
[INFO] 2025/05/28 14:18:49 logging.go:31: DashboardService: GetRevenueByCategory success
[INFO] 2025/05/28 14:18:49 logging.go:31: GetAnalytics: success
